<?xml version="1.0" encoding="UTF-8"?>
<!-- Generated by org.testng.reporters.JUnitReportReporter -->
<testsuite hostname="SONY-VAIO" name="com.qa.test.DemoTest" tests="4" failures="0" timestamp="26 Mar 2018 07:50:59 GMT" time="0.042" errors="0">
  <testcase name="mul" time="0.005" classname="com.qa.test.DemoTest"/>
  <testcase name="div" time="0.030" classname="com.qa.test.DemoTest"/>
  <testcase name="sub" time="0.002" classname="com.qa.test.DemoTest"/>
  <testcase name="sum" time="0.005" classname="com.qa.test.DemoTest"/>
</testsuite> <!-- com.qa.test.DemoTest -->
