<?xml version="1.0" encoding="UTF-8"?>
<!-- Generated by org.testng.reporters.JUnitReportReporter -->
<testsuite name="com.qa.test.DemoTest" tests="4" time="0.027" ignored="0" failures="0" timestamp="21 Apr 2018 06:59:05 GMT" skipped="0" hostname="SONY-VAIO" errors="0">
  <testcase name="sum" time="0.002" classname="com.qa.test.DemoTest"/>
  <testcase name="mul" time="0.001" classname="com.qa.test.DemoTest"/>
  <testcase name="div" time="0.022" classname="com.qa.test.DemoTest"/>
  <testcase name="sub" time="0.002" classname="com.qa.test.DemoTest"/>
</testsuite> <!-- com.qa.test.DemoTest -->
