<?xml version="1.0" encoding="UTF-8"?>
<!-- Generated by org.testng.reporters.JUnitReportReporter -->
<testsuite name="com.qa.test.DemoTest3" tests="4" time="0.014" ignored="0" failures="0" timestamp="21 Apr 2018 07:00:48 GMT" skipped="0" hostname="SONY-VAIO" errors="0">
  <testcase name="mul" time="0.000" classname="com.qa.test.DemoTest3"/>
  <testcase name="sum" time="0.000" classname="com.qa.test.DemoTest3"/>
  <testcase name="div" time="0.014" classname="com.qa.test.DemoTest3"/>
  <testcase name="sub" time="0.000" classname="com.qa.test.DemoTest3"/>
</testsuite> <!-- com.qa.test.DemoTest3 -->
